\BOOKMARK [0][-]{chapter.1}{\376\377\000W\000s\000t\001\031\000p}{}% 1
\BOOKMARK [1][-]{section.1.1}{\376\377\000C\000e\000l\000\040\000i\000\040\000z\000a\000k\000r\000e\000s\000\040\000p\000r\000a\000c\000y}{chapter.1}% 2
\BOOKMARK [2][-]{subsection.1.1.1}{\376\377\000H\000i\000p\000o\000t\000e\000z\000y\000\040\000b\000a\000d\000a\000w\000c\000z\000e}{section.1.1}% 3
\BOOKMARK [1][-]{section.1.2}{\376\377\000M\000o\000t\000y\000w\000a\000c\000j\000a\000\040\000d\000o\000\040\000p\000o\000d\000j\001\031\000c\000i\000a\000\040\000t\000e\000m\000a\000t\000u}{chapter.1}% 4
\BOOKMARK [1][-]{section.1.3}{\376\377\000S\000t\000r\000u\000k\000t\000u\000r\000a\000\040\000p\000r\000a\000c\000y}{chapter.1}% 5
\BOOKMARK [0][-]{chapter.2}{\376\377\000W\000p\000r\000o\000w\000a\000d\000z\000e\000n\000i\000e\000\040\000d\000o\000\040\000I\000o\000T\000\040\000i\000\040\000z\000w\000i\001\005\000z\000a\000n\000y\000c\000h\000\040\000z\000\040\000n\000i\000m\000\040\000z\000a\000g\000r\000o\001\174\000e\001\104}{}% 6
\BOOKMARK [1][-]{section.2.1}{\376\377\000W\000p\000r\000o\000w\000a\000d\000z\000e\000n\000i\000e\000\040\000d\000o\000\040\000t\000e\000m\000a\000t\000y\000k\000i\000\040\000I\000o\000T}{chapter.2}% 7
\BOOKMARK [1][-]{section.2.2}{\376\377\000K\000l\000u\000c\000z\000o\000w\000e\000\040\000p\000o\000j\001\031\000c\000i\000a\000\040\000z\000w\000i\001\005\000z\000a\000n\000e\000\040\000z\000\040\000p\000r\000y\000w\000a\000t\000n\000o\001\133\000c\000i\001\005\000\040\000i\000\040\000b\000e\000z\000p\000i\000e\000c\000z\000e\001\104\000s\000t\000w\000e\000m\000\040\000d\000a\000n\000y\000c\000h\000\040\000w\000\040\000I\000o\000T}{chapter.2}% 8
\BOOKMARK [1][-]{section.2.3}{\376\377\000R\000\363\001\174\000n\000o\000r\000o\000d\000n\000o\001\133\001\007\000\040\000u\000r\000z\001\005\000d\000z\000e\001\104\000\040\000I\000o\000T}{chapter.2}% 9
\BOOKMARK [1][-]{section.2.4}{\376\377\000A\000r\000c\000h\000i\000t\000e\000k\000t\000u\000r\000y\000\040\000s\000y\000s\000t\000e\000m\000\363\000w\000\040\000I\000o\000T\000\040\000i\000\040\000i\000c\000h\000\040\000i\000m\000p\000l\000i\000k\000a\000c\000j\000e\000\040\000b\000e\000z\000p\000i\000e\000c\000z\000e\001\104\000s\000t\000w\000a}{chapter.2}% 10
\BOOKMARK [1][-]{section.2.5}{\376\377\000W\000p\000r\000o\000w\000a\000d\000z\000e\000n\000i\000e\000\040\000d\000o\000\040\000z\000a\000g\000r\000o\001\174\000e\001\104\000\040\000w\000\040\000s\000y\000s\000t\000e\000m\000a\000c\000h\000\040\000I\000o\000T}{chapter.2}% 11
\BOOKMARK [0][-]{chapter.3}{\376\377\000Z\000a\000b\000e\000z\000p\000i\000e\000c\000z\000e\000n\000i\000a\000\040\000w\000\040\000s\000y\000s\000t\000e\000m\000a\000c\000h\000\040\000I\000o\000T}{}% 12
\BOOKMARK [1][-]{section.3.1}{\376\377\000P\000r\000z\000e\000g\000l\001\005\000d\000\040\000z\000a\000b\000e\000z\000p\000i\000e\000c\000z\000e\001\104\000\040\000s\000t\000o\000s\000o\000w\000a\000n\000y\000c\000h\000\040\000w\000\040\000s\000y\000s\000t\000e\000m\000a\000c\000h\000\040\000I\000o\000T}{chapter.3}% 13
\BOOKMARK [2][-]{subsection.3.1.1}{\376\377\000S\000z\000y\000f\000r\000o\000w\000a\000n\000i\000e\000\040\000d\000a\000n\000y\000c\000h}{section.3.1}% 14
\BOOKMARK [2][-]{subsection.3.1.2}{\376\377\000A\000u\000t\000o\000r\000y\000z\000a\000c\000j\000a\000\040\000i\000\040\000u\000w\000i\000e\000r\000z\000y\000t\000e\000l\000n\000i\000a\000n\000i\000e}{section.3.1}% 15
\BOOKMARK [2][-]{subsection.3.1.3}{\376\377\000Z\000a\000r\000z\001\005\000d\000z\000a\000n\000i\000e\000\040\000t\000o\001\174\000s\000a\000m\000o\001\133\000c\000i\001\005\000\040\000i\000\040\000i\000n\000t\000e\000g\000r\000a\000c\000j\000a\000\040\000z\000\040\000s\000y\000s\000t\000e\000m\000a\000m\000i\000\040\000I\000A\000M}{section.3.1}% 16
\BOOKMARK [2][-]{subsection.3.1.4}{\376\377\000P\000r\000o\000t\000o\000k\000o\001\102\000y\000\040\000k\000o\000m\000u\000n\000i\000k\000a\000c\000y\000j\000n\000e\000\040\000i\000\040\000i\000c\000h\000\040\000z\000a\000b\000e\000z\000p\000i\000e\000c\000z\000e\000n\000i\000a}{section.3.1}% 17
\BOOKMARK [2][-]{subsection.3.1.5}{\376\377\000D\000o\000d\000a\000t\000k\000o\000w\000e\000\040\000t\000e\000c\000h\000n\000i\000k\000i\000\040\000z\000a\000b\000e\000z\000p\000i\000e\000c\000z\000e\001\104\000\040\000w\000\040\000I\000o\000T}{section.3.1}% 18
\BOOKMARK [1][-]{section.3.2}{\376\377\000W\000y\000z\000w\000a\000n\000i\000a\000\040\000z\000w\000i\001\005\000z\000a\000n\000e\000\040\000z\000\040\000p\000r\000y\000w\000a\000t\000n\000o\001\133\000c\000i\001\005\000\040\000i\000\040\000b\000e\000z\000p\000i\000e\000c\000z\000e\001\104\000s\000t\000w\000e\000m\000\040\000w\000\040\000I\000o\000T}{chapter.3}% 19
\BOOKMARK [2][-]{subsection.3.2.1}{\376\377\000W\000y\000c\000i\000e\000k\000\040\000d\000a\000n\000y\000c\000h\000\040\000o\000s\000o\000b\000o\000w\000y\000c\000h}{section.3.2}% 20
\BOOKMARK [2][-]{subsection.3.2.2}{\376\377\001\132\000l\000e\000d\000z\000e\000n\000i\000e\000\040\000a\000k\000t\000y\000w\000n\000o\001\133\000c\000i\000\040\000u\001\174\000y\000t\000k\000o\000w\000n\000i\000k\000\363\000w}{section.3.2}% 21
\BOOKMARK [2][-]{subsection.3.2.3}{\376\377\000B\000r\000a\000k\000\040\000s\000t\000a\000n\000d\000a\000r\000y\000z\000a\000c\000j\000i\000\040\000z\000a\000b\000e\000z\000p\000i\000e\000c\000z\000e\001\104\000\040\000I\000o\000T}{section.3.2}% 22
\BOOKMARK [1][-]{section.3.3}{\376\377\000O\000c\000e\000n\000a\000\040\000w\000p\001\102\000y\000w\000u\000\040\000z\000a\000b\000e\000z\000p\000i\000e\000c\000z\000e\001\104\000\040\000n\000a\000\040\000p\000r\000y\000w\000a\000t\000n\000o\001\133\001\007\000\040\000u\001\174\000y\000t\000k\000o\000w\000n\000i\000k\000\363\000w}{chapter.3}% 23
\BOOKMARK [2][-]{subsection.3.3.1}{\376\377\000O\000c\000h\000r\000o\000n\000a\000\040\000d\000a\000n\000y\000c\000h\000\040\000l\000o\000k\000a\000l\000i\000z\000a\000c\000y\000j\000n\000y\000c\000h\000\040\000i\000\040\000o\000s\000o\000b\000o\000w\000y\000c\000h}{section.3.3}% 24
\BOOKMARK [2][-]{subsection.3.3.2}{\376\377\000P\000o\000l\000i\000t\000y\000k\000i\000\040\000p\000r\000y\000w\000a\000t\000n\000o\001\133\000c\000i\000\040\000i\000\040\000p\000r\000z\000e\000c\000h\000o\000w\000y\000w\000a\000n\000i\000e\000\040\000d\000a\000n\000y\000c\000h}{section.3.3}% 25
\BOOKMARK [2][-]{subsection.3.3.3}{\376\377\000P\000r\000z\000y\000p\000a\000d\000k\000i\000\040\000w\000y\000c\000i\000e\000k\000\363\000w\000\040\000d\000a\000n\000y\000c\000h\000\040\000z\000\040\000u\000r\000z\001\005\000d\000z\000e\001\104\000\040\000I\000o\000T}{section.3.3}% 26
\BOOKMARK [2][-]{subsection.3.3.4}{\376\377\000K\000o\000r\000p\000o\000r\000a\000c\000y\000j\000n\000a\000\040\000g\000\363\000r\000a\000\040\000z\001\102\000o\000t\000a\000\040\000-\000\040\000k\000l\000a\000t\000k\000a\000\040\000d\000l\000a\000\040\000z\000w\000y\000k\001\102\000y\000c\000h\000,\000\040\000s\000z\000a\000r\000y\000c\000h\000\040\000u\001\174\000y\000t\000k\000o\000w\000n\000i\000k\000\363\000w}{section.3.3}% 27
\BOOKMARK [0][-]{chapter.4}{\376\377\000P\000r\000o\000j\000e\000k\000t\000\040\001\133\000r\000o\000d\000o\000w\000i\000s\000k\000a\000\040\000t\000e\000s\000t\000o\000w\000e\000g\000o\000\040\000d\000l\000a\000\040\000s\000y\000s\000t\000e\000m\000\363\000w\000\040\000I\000o\000T}{}% 28
\BOOKMARK [1][-]{section.4.1}{\376\377\000O\000p\000r\000a\000c\000o\000w\000a\000n\000i\000e\000\040\000k\000o\000n\000t\000r\000o\000l\000o\000w\000a\000n\000e\000g\000o\000\040\001\133\000r\000o\000d\000o\000w\000i\000s\000k\000a\000\040\000d\000o\000\040\000t\000e\000s\000t\000o\000w\000a\000n\000i\000a\000\040\000z\000a\000b\000e\000z\000p\000i\000e\000c\000z\000e\001\104\000\040\000w\000\040\000I\000o\000T}{chapter.4}% 29
\BOOKMARK [2][-]{subsection.4.1.1}{\376\377\000W\000y\000b\000\363\000r\000\040\000u\000r\000z\001\005\000d\000z\000e\001\104\000,\000\040\000p\000l\000a\000t\000f\000o\000r\000m\000\040\000i\000\040\000p\000r\000o\000t\000o\000k\000o\001\102\000\363\000w\000\040\000I\000o\000T\000\040\000d\000o\000\040\000t\000e\000s\000t\000o\000w\000a\000n\000i\000a}{section.4.1}% 30
\BOOKMARK [1][-]{section.4.2}{\376\377\000P\000r\000z\000y\000g\000o\000t\000o\000w\000a\000n\000i\000e\000\040\000s\000c\000e\000n\000a\000r\000i\000u\000s\000z\000y\000\040\000t\000e\000s\000t\000o\000w\000y\000c\000h}{chapter.4}% 31
\BOOKMARK [2][-]{subsection.4.2.1}{\376\377\000A\000t\000a\000k\000\040\000t\000y\000p\000u\000\040\000M\000a\000n\000-\000i\000n\000-\000t\000h\000e\000-\000M\000i\000d\000d\000l\000e\000\040\000\050\000M\000I\000T\000M\000\051}{section.4.2}% 32
\BOOKMARK [2][-]{subsection.4.2.2}{\376\377\000P\000r\000z\000e\000c\000h\000w\000y\000t\000y\000w\000a\000n\000i\000e\000\040\000i\000\040\000a\000n\000a\000l\000i\000z\000a\000\040\000d\000a\000n\000y\000c\000h}{section.4.2}% 33
\BOOKMARK [2][-]{subsection.4.2.3}{\376\377\000P\000r\000\363\000b\000y\000\040\000n\000i\000e\000a\000u\000t\000o\000r\000y\000z\000o\000w\000a\000n\000e\000g\000o\000\040\000d\000o\000s\000t\001\031\000p\000u}{section.4.2}% 34
\BOOKMARK [2][-]{subsection.4.2.4}{\376\377\000A\000t\000a\000k\000i\000\040\000D\000o\000S\000\040\000i\000\040\000D\000D\000o\000S}{section.4.2}% 35
\BOOKMARK [0][-]{chapter.5}{\376\377\000T\000e\000s\000t\000o\000w\000a\000n\000i\000e\000\040\000z\000a\000b\000e\000z\000p\000i\000e\000c\000z\000e\001\104\000\040\000I\000o\000T}{}% 36
\BOOKMARK [1][-]{section.5.1}{\376\377\000P\000r\000z\000e\000p\000r\000o\000w\000a\000d\000z\000e\000n\000i\000e\000\040\000t\000e\000s\000t\000\363\000w\000\040\000z\000a\000b\000e\000z\000p\000i\000e\000c\000z\000e\001\104\000\040\000w\000\040\001\133\000r\000o\000d\000o\000w\000i\000s\000k\000u\000\040\000t\000e\000s\000t\000o\000w\000y\000m}{chapter.5}% 37
\BOOKMARK [2][-]{subsection.5.1.1}{\376\377\000M\000e\000t\000o\000d\000o\000l\000o\000g\000i\000a\000\040\000t\000e\000s\000t\000\363\000w\000\040\000z\000a\000b\000e\000z\000p\000i\000e\000c\000z\000e\001\104\000\040\000w\000\040\001\133\000r\000o\000d\000o\000w\000i\000s\000k\000u\000\040\000t\000e\000s\000t\000o\000w\000y\000m}{section.5.1}% 38
\BOOKMARK [2][-]{subsection.5.1.2}{\376\377\000N\000a\000r\000z\001\031\000d\000z\000i\000a\000\040\000w\000y\000k\000o\000r\000z\000y\000s\000t\000y\000w\000a\000n\000e\000\040\000d\000o\000\040\000t\000e\000s\000t\000o\000w\000a\000n\000i\000a}{section.5.1}% 39
\BOOKMARK [1][-]{section.5.2}{\376\377\000O\000c\000e\000n\000a\000\040\000s\000k\000u\000t\000e\000c\000z\000n\000o\001\133\000c\000i\000\040\000z\000a\000b\000e\000z\000p\000i\000e\000c\000z\000e\001\104\000\040\000I\000o\000T}{chapter.5}% 40
\BOOKMARK [2][-]{subsection.5.2.1}{\376\377\000O\000d\000p\000o\000r\000n\000o\001\133\001\007\000\040\000n\000a\000\040\000p\000r\000\363\000b\000y\000\040\000a\000t\000a\000k\000\363\000w}{section.5.2}% 41
\BOOKMARK [1][-]{section.5.3}{\376\377\000P\000o\000d\000s\000u\000m\000o\000w\000a\000n\000i\000e\000\040\000t\000e\000s\000t\000\363\000w\000\040\000z\000a\000b\000e\000z\000p\000i\000e\000c\000z\000e\001\104}{chapter.5}% 42
\BOOKMARK [0][-]{chapter.6}{\376\377\000Z\000g\000o\000d\000n\000o\001\133\001\007\000\040\000z\000a\000b\000e\000z\000p\000i\000e\000c\000z\000e\001\104\000\040\000I\000o\000T\000\040\000z\000\040\000r\000e\000g\000u\000l\000a\000c\000j\000a\000m\000i\000\040\000d\000o\000t\000y\000c\000z\001\005\000c\000y\000m\000i\000\040\000p\000r\000y\000w\000a\000t\000n\000o\001\133\000c\000i}{}% 43
\BOOKMARK [1][-]{section.6.1}{\376\377\000O\000c\000e\000n\000a\000\040\000z\000g\000o\000d\000n\000o\001\133\000c\000i\000\040\000z\000a\000b\000e\000z\000p\000i\000e\000c\000z\000e\001\104\000\040\000z\000\040\000r\000e\000g\000u\000l\000a\000c\000j\000a\000m\000i\000\040\000d\000o\000t\000y\000c\000z\001\005\000c\000y\000m\000i\000\040\000p\000r\000y\000w\000a\000t\000n\000o\001\133\000c\000i}{chapter.6}% 44
\BOOKMARK [2][-]{subsection.6.1.1}{\376\377\000P\000r\000z\000e\000g\000l\001\005\000d\000\040\000r\000e\000g\000u\000l\000a\000c\000j\000i\000\040\000p\000r\000a\000w\000n\000y\000c\000h\000\040\000\050\000R\000O\000D\000O\000,\000\040\000H\000I\000P\000A\000A\000,\000\040\000i\000t\000d\000.\000\051}{section.6.1}% 45
\BOOKMARK [2][-]{subsection.6.1.2}{\376\377\000W\000y\000m\000o\000g\000i\000\040\000d\000o\000t\000y\000c\000z\001\005\000c\000e\000\040\000o\000c\000h\000r\000o\000n\000y\000\040\000d\000a\000n\000y\000c\000h\000\040\000o\000s\000o\000b\000o\000w\000y\000c\000h\000\040\000w\000\040\000s\000y\000s\000t\000e\000m\000a\000c\000h\000\040\000I\000o\000T}{section.6.1}% 46
\BOOKMARK [2][-]{subsection.6.1.3}{\376\377\000A\000n\000a\000l\000i\000z\000a\000\040\000z\000g\000o\000d\000n\000o\001\133\000c\000i\000\040\000z\000a\000b\000e\000z\000p\000i\000e\000c\000z\000e\001\104\000\040\000w\000\040\000k\000o\000n\000t\000e\000k\001\133\000c\000i\000e\000\040\000p\000r\000a\000w\000a}{section.6.1}% 47
\BOOKMARK [1][-]{section.6.2}{\376\377\000P\000o\000d\000s\000u\000m\000o\000w\000a\000n\000i\000e\000\040\000i\000\040\000w\000n\000i\000o\000s\000k\000i\000\040\000c\000z\001\005\000s\000t\000k\000o\000w\000e}{chapter.6}% 48
\BOOKMARK [0][-]{chapter.7}{\376\377\000O\000p\000t\000y\000m\000a\000l\000i\000z\000a\000c\000j\000a\000\040\000m\000e\000c\000h\000a\000n\000i\000z\000m\000\363\000w\000\040\000z\000a\000b\000e\000z\000p\000i\000e\000c\000z\000e\001\104\000\040\000w\000\040\000I\000o\000T}{}% 49
\BOOKMARK [1][-]{section.7.1}{\376\377\000O\000p\000t\000y\000m\000a\000l\000i\000z\000a\000c\000j\000a\000\040\000z\000a\000b\000e\000z\000p\000i\000e\000c\000z\000e\001\104\000\040\000w\000\040\000I\000o\000T}{chapter.7}% 50
\BOOKMARK [2][-]{subsection.7.1.1}{\376\377\000O\000p\000t\000y\000m\000a\000l\000i\000z\000a\000c\000j\000a\000\040\000a\000l\000g\000o\000r\000y\000t\000m\000\363\000w\000\040\000s\000z\000y\000f\000r\000o\000w\000a\000n\000i\000a\000\040\000i\000\040\000u\000w\000i\000e\000r\000z\000y\000t\000e\000l\000n\000i\000a\000n\000i\000a}{section.7.1}% 51
\BOOKMARK [2][-]{subsection.7.1.2}{\376\377\000Z\000a\000s\000t\000o\000s\000o\000w\000a\000n\000i\000e\000\040\000l\000e\000k\000k\000i\000c\000h\000\040\000a\000l\000g\000o\000r\000y\000t\000m\000\363\000w\000\040\000s\000z\000y\000f\000r\000o\000w\000a\000n\000i\000a\000\040\000w\000\040\000I\000o\000T}{section.7.1}% 52
\BOOKMARK [2][-]{subsection.7.1.3}{\376\377\000R\000\363\000w\000n\000o\000w\000a\001\174\000e\000n\000i\000e\000\040\000p\000r\000y\000w\000a\000t\000n\000o\001\133\000c\000i\000,\000\040\000b\000e\000z\000p\000i\000e\000c\000z\000e\001\104\000s\000t\000w\000a\000\040\000i\000\040\000e\000f\000e\000k\000t\000y\000w\000n\000o\001\133\000c\000i\000\040\000w\000\040\000s\000y\000s\000t\000e\000m\000a\000c\000h\000\040\000I\000o\000T}{section.7.1}% 53
\BOOKMARK [2][-]{subsection.7.1.4}{\376\377\000O\000p\000t\000y\000m\000a\000l\000i\000z\000a\000c\000j\000a\000\040\000w\000\040\000k\000o\000n\000t\000e\000k\001\133\000c\000i\000e\000\040\000p\000r\000z\000e\000p\000r\000o\000w\000a\000d\000z\000o\000n\000y\000c\000h\000\040\000b\000a\000d\000a\001\104}{section.7.1}% 54
\BOOKMARK [1][-]{section.7.2}{\376\377\000P\000r\000o\000p\000o\000z\000y\000c\000j\000e\000\040\000n\000o\000w\000y\000c\000h\000\040\000p\000o\000d\000e\000j\001\133\001\007\000\040\000d\000o\000\040\000o\000c\000h\000r\000o\000n\000y\000\040\000p\000r\000y\000w\000a\000t\000n\000o\001\133\000c\000i\000\040\000i\000\040\000b\000e\000z\000p\000i\000e\000c\000z\000e\001\104\000s\000t\000w\000a\000\040\000w\000\040\000I\000o\000T}{chapter.7}% 55
\BOOKMARK [2][-]{subsection.7.2.1}{\376\377\000S\000z\000t\000u\000c\000z\000n\000a\000\040\000i\000n\000t\000e\000l\000i\000g\000e\000n\000c\000j\000a\000\040\000d\000o\000\040\000d\000y\000n\000a\000m\000i\000c\000z\000n\000e\000g\000o\000\040\000z\000a\000r\000z\001\005\000d\000z\000a\000n\000i\000a\000\040\000z\000a\000b\000e\000z\000p\000i\000e\000c\000z\000e\000n\000i\000a\000m\000i}{section.7.2}% 56
\BOOKMARK [1][-]{section.7.3}{\376\377\000N\000o\000w\000e\000\040\000s\000t\000a\000n\000d\000a\000r\000d\000y\000\040\000o\000c\000h\000r\000o\000n\000y\000\040\000p\000r\000y\000w\000a\000t\000n\000o\001\133\000c\000i\000\040\000w\000\040\000s\000y\000s\000t\000e\000m\000a\000c\000h\000\040\000I\000o\000T}{chapter.7}% 57
\BOOKMARK [0][-]{chapter.8}{\376\377\000W\000n\000i\000o\000s\000k\000i\000\040\000i\000\040\000r\000e\000k\000o\000m\000e\000n\000d\000a\000c\000j\000e}{}% 58
\BOOKMARK [1][-]{section.8.1}{\376\377\000P\000o\000d\000s\000u\000m\000o\000w\000a\000n\000i\000e\000\040\000w\000y\000n\000i\000k\000\363\000w\000\040\000b\000a\000d\000a\001\104\000\040\000n\000a\000d\000\040\000b\000e\000z\000p\000i\000e\000c\000z\000e\001\104\000s\000t\000w\000e\000m\000\040\000i\000\040\000p\000r\000y\000w\000a\000t\000n\000o\001\133\000c\000i\001\005\000\040\000w\000\040\000I\000o\000T}{chapter.8}% 59
\BOOKMARK [1][-]{section.8.2}{\376\377\000N\000a\000p\000o\000t\000k\000a\000n\000e\000\040\000p\000r\000o\000b\000l\000e\000m\000y\000\040\000i\000\040\000o\000g\000r\000a\000n\000i\000c\000z\000e\000n\000i\000a}{chapter.8}% 60
\BOOKMARK [1][-]{section.8.3}{\376\377\000P\000r\000o\000p\000o\000z\000y\000c\000j\000e\000\040\000p\000r\000z\000y\000s\000z\001\102\000y\000c\000h\000\040\000b\000a\000d\000a\001\104}{chapter.8}% 61
\BOOKMARK [1][-]{section.8.4}{\376\377\000P\000o\000d\000s\000u\000m\000o\000w\000a\000n\000i\000e}{chapter.8}% 62
\BOOKMARK [0][-]{chapter*.53}{\376\377\000B\000i\000b\000l\000i\000o\000g\000r\000a\000f\000i\000a}{}% 63
\BOOKMARK [0][-]{appendix*.54}{\376\377\000P\000o\000d\000z\000i\001\031\000k\000o\000w\000a\000n\000i\000a}{}% 64
\BOOKMARK [0][-]{appendix*.55}{\376\377\000S\000p\000i\000s\000\040\000s\000k\000r\000\363\000t\000\363\000w\000\040\000i\000\040\000s\000y\000m\000b\000o\000l\000i}{}% 65
\BOOKMARK [0][-]{appendix*.56}{\376\377\000L\000i\000s\000t\000a\000\040\000u\001\174\000y\000t\000y\000c\000h\000\040\000p\000r\000o\000g\000r\000a\000m\000\363\000w}{}% 66
\BOOKMARK [0][-]{appendix*.57}{\376\377\000S\000p\000i\000s\000\040\000r\000y\000s\000u\000n\000k\000\363\000w}{}% 67
\BOOKMARK [0][-]{appendix*.58}{\376\377\000S\000p\000i\000s\000\040\000t\000a\000b\000e\000l}{}% 68
